Arguments: 
  C:\Program Files\nodejs\node.exe C:\Users\kamru\AppData\Roaming\npm\node_modules\yarn\bin\yarn.js init

PATH: 
  C:\Users\kamru\bin;C:\Program Files\Git\mingw64\bin;C:\Program Files\Git\usr\local\bin;C:\Program Files\Git\usr\bin;C:\Program Files\Git\usr\bin;C:\Program Files\Git\mingw64\bin;C:\Program Files\Git\usr\bin;C:\Users\kamru\bin;C:\Python310\Scripts;C:\Python310;C:\Python39\Scripts;C:\Python39;C:\Python38\Scripts;C:\Python38;C:\WINDOWS\system32;C:\WINDOWS;C:\WINDOWS\System32\Wbem;C:\WINDOWS\System32\WindowsPowerShell\v1.0;C:\WINDOWS\System32\OpenSSH;C:\ProgramData\chocolatey\bin;C:\Program Files\Git\cmd;C:\laragon\bin\php\php-7.4;C:\composer;C:\Program Files\PuTTY;C:\Program Files\OpenJDK\openjdk-8u275-b01\bin;C:\Program Files (x86)\DevDesktop\drush_10;C:\Program Files\Amazon\AWSCLIV2;C:\Users\kamru\AppData\Local\Android\Sdk\platform-tools;C:\Users\kamru\AppData\Local\Android\Sdk;C:\Users\kamru\AppData\Roaming\nvm;C:\Program Files\nodejs;C:\Python25;C:\laragon\bin;C:\laragon\bin\apache\httpd-2.4.35-win64-VC15\bin;C:\laragon\bin\composer;C:\laragon\bin\git\bin;C:\laragon\bin\git\cmd;C:\laragon\bin\git\mingw64\bin;C:\laragon\bin\git\usr\bin;C:\laragon\bin\laragon\utils;C:\laragon\bin\mysql\mysql-5.7.24-winx64\bin;C:\laragon\bin\nginx\nginx-1.16.0;C:\laragon\bin\ngrok;C:\laragon\bin\notepad++;C:\laragon\bin\php\php-7.4;C:\laragon\bin\putty;C:\laragon\bin\redis\redis-x64-3.2.100;C:\laragon\bin\telnet;C:\laragon\usr\bin;C:\Users\kamru\AppData\Local\Yarn\config\global\node_modules\.bin;C:\Users\kamru\AppData\Roaming\Composer\vendor\bin;C:\Users\kamru\.windows-build-tools\python27;C:\Users\kamru\AppData\Local\Microsoft\WindowsApps;C:\Users\kamru\AppData\Local\GitHubDesktop\bin;C:\Users\kamru\AppData\Local\Programs\Microsoft VS Code\bin;C:\gradle\bin;C:\Python38;C:\ffmpeg-N\bin;C:\Users\kamru\AppData\Local\Microsoft\WindowsApps;C:\acquia-cli;C:\Users\kamru\AppData\Roaming\nvm;C:\Program Files\nodejs;C:\Users\kamru\AppData\Roaming\npm;C:\Python25;C:\Program Files (x86)\BrowserStackLocal;C:\Program Files\Git\usr\bin\vendor_perl;C:\Program Files\Git\usr\bin\core_perl

Yarn version: 
  1.22.17

Node version: 
  14.18.1

Platform: 
  win32 x64

Trace: 
  Error: Can't answer a question unless a user TTY
      at ConsoleReporter.question (C:\Users\kamru\AppData\Roaming\npm\node_modules\yarn\lib\cli.js:96935:59)
      at Object.<anonymous> (C:\Users\kamru\AppData\Roaming\npm\node_modules\yarn\lib\cli.js:89125:38)
      at Generator.next (<anonymous>)
      at step (C:\Users\kamru\AppData\Roaming\npm\node_modules\yarn\lib\cli.js:310:30)
      at C:\Users\kamru\AppData\Roaming\npm\node_modules\yarn\lib\cli.js:321:13

npm manifest: 
  No manifest

yarn manifest: 
  No manifest

Lockfile: 
  No lockfile
